[    0.000000] Linux version 4.15.0-212-generic (buildd@lcy02-amd64-083) (gcc version 7.5.0 (Ubuntu 7.5.0-3ubuntu1~18.04)) #223-Ubuntu SMP Tue May 23 13:09:22 UTC 2023 (Ubuntu 4.15.0-212.223-generic 4.15.18)
[    0.000000] Command line: BOOT_IMAGE=/boot/vmlinuz-4.15.0-212-generic root=LABEL=cloudimg-rootfs ro console=tty1 console=ttyS0
[    0.000000] KERNEL supported cpus:
[    0.000000]   Intel GenuineIntel
[    0.000000]   AMD AuthenticAMD
[    0.000000]   Centaur CentaurHauls
[    0.000000] x86/fpu: x87 FPU will use FXSAVE
[    0.000000] e820: BIOS-provided physical RAM map:
[    0.000000] BIOS-e820: [mem 0x0000000000000000-0x000000000009fbff] usable
[    0.000000] BIOS-e820: [mem 0x000000000009fc00-0x000000000009ffff] reserved
[    0.000000] BIOS-e820: [mem 0x00000000000f0000-0x00000000000fffff] reserved
[    0.000000] BIOS-e820: [mem 0x0000000000100000-0x000000003ffeffff] usable
[    0.000000] BIOS-e820: [mem 0x000000003fff0000-0x000000003fffffff] ACPI data
[    0.000000] BIOS-e820: [mem 0x00000000fec00000-0x00000000fec00fff] reserved
[    0.000000] BIOS-e820: [mem 0x00000000fee00000-0x00000000fee00fff] reserved
[    0.000000] BIOS-e820: [mem 0x00000000fffc0000-0x00000000ffffffff] reserved
[    0.000000] NX (Execute Disable) protection: active
[    0.000000] SMBIOS 2.5 present.
[    0.000000] DMI: innotek GmbH VirtualBox/VirtualBox, BIOS VirtualBox 12/01/2006
[    0.000000] Hypervisor detected: KVM
[    0.000000] e820: last_pfn = 0x3fff0 max_arch_pfn = 0x400000000
[    0.000000] MTRR: Disabled
[    0.000000] x86/PAT: MTRRs disabled, skipping PAT initialization too.
[    0.000000] CPU MTRRs all blank - virtualized system.
[    0.000000] x86/PAT: Configuration [0-7]: WB  WT  UC- UC  WB  WT  UC- UC  
[    0.000000] found SMP MP-table at [mem 0x0009fff0-0x0009ffff]
[    0.000000] Scanning 1 areas for low memory corruption
[    0.000000] RAMDISK: [mem 0x359cb000-0x36cdcfff]
[    0.000000] ACPI: Early table checksum verification disabled
[    0.000000] ACPI: RSDP 0x00000000000E0000 000024 (v02 VBOX  )
[    0.000000] ACPI: XSDT 0x000000003FFF0030 00003C (v01 VBOX   VBOXXSDT 00000001 ASL  00000061)
[    0.000000] ACPI: FACP 0x000000003FFF00F0 0000F4 (v04 VBOX   VBOXFACP 00000001 ASL  00000061)
[    0.000000] ACPI: DSDT 0x000000003FFF0610 002353 (v02 VBOX   VBOXBIOS 00000002 INTL 20100528)
[    0.000000] ACPI: FACS 0x000000003FFF0200 000040
[    0.000000] ACPI: FACS 0x000000003FFF0200 000040
[    0.000000] ACPI: APIC 0x000000003FFF0240 00005C (v02 VBOX   VBOXAPIC 00000001 ASL  00000061)
[    0.000000] ACPI: SSDT 0x000000003FFF02A0 00036C (v01 VBOX   VBOXCPUT 00000002 INTL 20100528)
[    0.000000] ACPI: Reserving FACP table memory at [mem 0x3fff00f0-0x3fff01e3]
[    0.000000] ACPI: Reserving DSDT table memory at [mem 0x3fff0610-0x3fff2962]
[    0.000000] ACPI: Reserving FACS table memory at [mem 0x3fff0200-0x3fff023f]
[    0.000000] ACPI: Reserving FACS table memory at [mem 0x3fff0200-0x3fff023f]
[    0.000000] ACPI: Reserving APIC table memory at [mem 0x3fff0240-0x3fff029b]
[    0.000000] ACPI: Reserving SSDT table memory at [mem 0x3fff02a0-0x3fff060b]
[    0.000000] No NUMA configuration found
[    0.000000] Faking a node at [mem 0x0000000000000000-0x000000003ffeffff]
[    0.000000] NODE_DATA(0) allocated [mem 0x3ffc5000-0x3ffeffff]
[    0.000000] kvm-clock: cpu 0, msr 0:3ff44001, primary cpu clock
[    0.000000] kvm-clock: Using msrs 4b564d01 and 4b564d00
[    0.000000] kvm-clock: using sched offset of 3993541364 cycles
[    0.000000] clocksource: kvm-clock: mask: 0xffffffffffffffff max_cycles: 0x1cd42e4dffb, max_idle_ns: 881590591483 ns
[    0.000000] Zone ranges:
[    0.000000]   DMA      [mem 0x0000000000001000-0x0000000000ffffff]
[    0.000000]   DMA32    [mem 0x0000000001000000-0x000000003ffeffff]
[    0.000000]   Normal   empty
[    0.000000]   Device   empty
[    0.000000] Movable zone start for each node
[    0.000000] Early memory node ranges
[    0.000000]   node   0: [mem 0x0000000000001000-0x000000000009efff]
[    0.000000]   node   0: [mem 0x0000000000100000-0x000000003ffeffff]
[    0.000000] Reserved but unavailable: 104 pages
[    0.000000] Initmem setup node 0 [mem 0x0000000000001000-0x000000003ffeffff]
[    0.000000] ACPI: PM-Timer IO Port: 0x4008
[    0.000000] IOAPIC[0]: apic_id 2, version 32, address 0xfec00000, GSI 0-23
[    0.000000] ACPI: INT_SRC_OVR (bus 0 bus_irq 0 global_irq 2 dfl dfl)
[    0.000000] ACPI: INT_SRC_OVR (bus 0 bus_irq 9 global_irq 9 low level)
[    0.000000] Using ACPI (MADT) for SMP configuration information
[    0.000000] smpboot: Allowing 2 CPUs, 0 hotplug CPUs
[    0.000000] PM: Registered nosave memory: [mem 0x00000000-0x00000fff]
[    0.000000] PM: Registered nosave memory: [mem 0x0009f000-0x0009ffff]
[    0.000000] PM: Registered nosave memory: [mem 0x000a0000-0x000effff]
[    0.000000] PM: Registered nosave memory: [mem 0x000f0000-0x000fffff]
[    0.000000] e820: [mem 0x40000000-0xfebfffff] available for PCI devices
[    0.000000] Booting paravirtualized kernel on KVM
[    0.000000] clocksource: refined-jiffies: mask: 0xffffffff max_cycles: 0xffffffff, max_idle_ns: 7645519600211568 ns
[    0.000000] setup_percpu: NR_CPUS:8192 nr_cpumask_bits:2 nr_cpu_ids:2 nr_node_ids:1
[    0.000000] percpu: Embedded 50 pages/cpu s167936 r8192 d28672 u1048576
[    0.000000] PV qspinlock hash table entries: 256 (order: 0, 4096 bytes)
[    0.000000] Built 1 zonelists, mobility grouping on.  Total pages: 257913
[    0.000000] Policy zone: DMA32
[    0.000000] Kernel command line: BOOT_IMAGE=/boot/vmlinuz-4.15.0-212-generic root=LABEL=cloudimg-rootfs ro console=tty1 console=ttyS0
[    0.000000] Memory: 982644K/1048120K available (12300K kernel code, 2477K rwdata, 4324K rodata, 2480K init, 2720K bss, 65476K reserved, 0K cma-reserved)
[    0.000000] SLUB: HWalign=64, Order=0-3, MinObjects=0, CPUs=2, Nodes=1
[    0.000000] Kernel/User page tables isolation: enabled
[    0.000000] ftrace: allocating 39508 entries in 155 pages
[    0.004000] Hierarchical RCU implementation.
[    0.004000] 	RCU restricting CPUs from NR_CPUS=8192 to nr_cpu_ids=2.
[    0.004000] 	Tasks RCU enabled.
[    0.004000] RCU: Adjusting geometry for rcu_fanout_leaf=16, nr_cpu_ids=2
[    0.004000] NR_IRQS: 524544, nr_irqs: 440, preallocated irqs: 16
[    0.004000] random: crng init done
[    0.004000] Console: colour VGA+ 80x25
[    0.004000] console [tty1] enabled
[    0.004000] console [ttyS0] enabled
[    0.004000] ACPI: Core revision 20170831
[    0.004000] ACPI: 2 ACPI AML tables successfully acquired and loaded
[    0.004000] APIC: Switch to symmetric I/O mode setup
[    0.008000] ..TIMER: vector=0x30 apic1=0 pin1=2 apic2=-1 pin2=-1
[    0.008008] tsc: Detected 3911.996 MHz processor
[    0.012010] Calibrating delay loop (skipped) preset value.. 7823.99 BogoMIPS (lpj=15647984)
[    0.016007] pid_max: default: 32768 minimum: 301
[    0.020075] Security Framework initialized
[    0.028006] Yama: becoming mindful.
[    0.031426] AppArmor: AppArmor initialized
[    0.039707] Dentry cache hash table entries: 131072 (order: 8, 1048576 bytes)
[    0.045077] Inode-cache hash table entries: 65536 (order: 7, 524288 bytes)
[    0.052005] Mount-cache hash table entries: 2048 (order: 2, 16384 bytes)
[    0.056067] Mountpoint-cache hash table entries: 2048 (order: 2, 16384 bytes)
[    0.062173] Last level iTLB entries: 4KB 64, 2MB 8, 4MB 8
[    0.064006] Last level dTLB entries: 4KB 64, 2MB 0, 4MB 0, 1GB 4
[    0.068005] Spectre V1 : Mitigation: usercopy/swapgs barriers and __user pointer sanitization
[    0.072006] Spectre V2 : Mitigation: Retpolines
[    0.076003] Spectre V2 : Spectre v2 / SpectreRSB mitigation: Filling RSB on context switch
[    0.080005] Spectre V2 : Spectre v2 / SpectreRSB : Filling RSB on VMEXIT
[    0.084005] RETBleed: WARNING: Spectre v2 mitigation leaves CPU vulnerable to RETBleed attacks, data leaks possible!
[    0.088005] RETBleed: Vulnerable
[    0.092003] Speculative Store Bypass: Vulnerable
[    0.096086] MDS: Mitigation: Clear CPU buffers
[    0.100005] MMIO Stale Data: Mitigation: Clear CPU buffers
[    0.104005] SRBDS: Unknown: Dependent on hypervisor status
[    0.108151] Freeing SMP alternatives memory: 36K
[    0.224583] smpboot: CPU0: Intel(R) Core(TM) i3-7100 CPU @ 3.90GHz (family: 0x6, model: 0x9e, stepping: 0x9)
[    0.228399] Performance Events: unsupported p6 CPU model 158 no PMU driver, software events only.
[    0.232136] Hierarchical SRCU implementation.
[    0.236732] NMI watchdog: Perf event create on CPU 0 failed with -2
[    0.240006] NMI watchdog: Perf NMI watchdog permanently disabled
[    0.244334] smp: Bringing up secondary CPUs ...
[    0.252306] x86: Booting SMP configuration:
[    0.256007] .... node  #0, CPUs:      #1
[    0.004000] kvm-clock: cpu 1, msr 0:3ff44041, secondary cpu clock
[    0.270521] TSC synchronization [CPU#0 -> CPU#1]:
[    0.272000] Measured 120022 cycles TSC warp between CPUs, turning off TSC clock.
[    0.272000] tsc: Marking TSC unstable due to check_tsc_sync_source failed
[    0.280183] smp: Brought up 1 node, 2 CPUs
[    0.284008] smpboot: Max logical packages: 1
[    0.288007] smpboot: Total of 2 processors activated (15647.98 BogoMIPS)
[    0.292516] devtmpfs: initialized
[    0.296103] x86/mm: Memory block size: 128MB
[    0.300371] evm: security.selinux
[    0.304005] evm: security.SMACK64
[    0.308008] evm: security.SMACK64EXEC
[    0.312004] evm: security.SMACK64TRANSMUTE
[    0.316003] evm: security.SMACK64MMAP
[    0.320003] evm: security.apparmor
[    0.324007] evm: security.ima
[    0.328005] evm: security.capability
[    0.332408] clocksource: jiffies: mask: 0xffffffff max_cycles: 0xffffffff, max_idle_ns: 7645041785100000 ns
[    0.336017] futex hash table entries: 512 (order: 3, 32768 bytes)
[    0.340203] pinctrl core: initialized pinctrl subsystem
[    0.344534] RTC time:  4:10:38, date: 08/10/24
[    0.352419] NET: Registered protocol family 16
[    0.356122] audit: initializing netlink subsys (disabled)
[    0.360213] audit: type=2000 audit(1723263043.370:1): state=initialized audit_enabled=0 res=1
[    0.372010] cpuidle: using governor ladder
[    0.380002] cpuidle: using governor menu
[    0.383620] ACPI: bus type PCI registered
[    0.384005] acpiphp: ACPI Hot Plug PCI Controller Driver version: 0.5
[    0.388588] PCI: Using configuration type 1 for base access
[    0.396437] HugeTLB registered 2.00 MiB page size, pre-allocated 0 pages
[    0.404358] ACPI: Added _OSI(Module Device)
[    0.408007] ACPI: Added _OSI(Processor Device)
[    0.412004] ACPI: Added _OSI(3.0 _SCP Extensions)
[    0.416006] ACPI: Added _OSI(Processor Aggregator Device)
[    0.420008] ACPI: Added _OSI(Linux-Dell-Video)
[    0.424007] ACPI: Added _OSI(Linux-Lenovo-NV-HDMI-Audio)
[    0.428007] ACPI: Added _OSI(Linux-HPI-Hybrid-Graphics)
[    0.432957] ACPI: Executed 1 blocks of module-level executable AML code
[    0.441135] ACPI: Interpreter enabled
[    0.444020] ACPI: (supports S0 S5)
[    0.448005] ACPI: Using IOAPIC for interrupt routing
[    0.452427] PCI: Using host bridge windows from ACPI; if necessary, use "pci=nocrs" and report a bug
[    0.456272] ACPI: Enabled 2 GPEs in block 00 to 07
[    0.471413] ACPI: PCI Root Bridge [PCI0] (domain 0000 [bus 00-ff])
[    0.472015] acpi PNP0A03:00: _OSC: OS supports [ASPM ClockPM Segments MSI]
[    0.476770] acpi PNP0A03:00: _OSC: not requesting OS control; OS requires [ExtendedConfig ASPM ClockPM MSI]
[    0.480017] acpi PNP0A03:00: fail to add MMCONFIG information, can't access extended PCI configuration space under this bridge.
[    0.484800] PCI host bridge to bus 0000:00
[    0.488008] pci_bus 0000:00: root bus resource [io  0x0000-0x0cf7 window]
[    0.492005] pci_bus 0000:00: root bus resource [io  0x0d00-0xffff window]
[    0.496008] pci_bus 0000:00: root bus resource [mem 0x000a0000-0x000bffff window]
[    0.500008] pci_bus 0000:00: root bus resource [mem 0x40000000-0xfdffffff window]
[    0.504006] pci_bus 0000:00: root bus resource [bus 00-ff]
[    0.515179] pci 0000:00:01.1: legacy IDE quirk: reg 0x10: [io  0x01f0-0x01f7]
[    0.516007] pci 0000:00:01.1: legacy IDE quirk: reg 0x14: [io  0x03f6]
[    0.520006] pci 0000:00:01.1: legacy IDE quirk: reg 0x18: [io  0x0170-0x0177]
[    0.524007] pci 0000:00:01.1: legacy IDE quirk: reg 0x1c: [io  0x0376]
[    0.553475] pci 0000:00:07.0: quirk: [io  0x4000-0x403f] claimed by PIIX4 ACPI
[    0.556057] pci 0000:00:07.0: quirk: [io  0x4100-0x410f] claimed by PIIX4 SMB
[    0.576118] ACPI: PCI Interrupt Link [LNKA] (IRQs 5 9 10 *11)
[    0.584218] ACPI: PCI Interrupt Link [LNKB] (IRQs 5 9 *10 11)
[    0.588314] ACPI: PCI Interrupt Link [LNKC] (IRQs 5 *9 10 11)
[    0.592319] ACPI: PCI Interrupt Link [LNKD] (IRQs 5 9 10 *11)
[    0.596986] SCSI subsystem initialized
[    0.604262] pci 0000:00:02.0: vgaarb: setting as boot VGA device
[    0.608000] pci 0000:00:02.0: vgaarb: VGA device added: decodes=io+mem,owns=io+mem,locks=none
[    0.608013] pci 0000:00:02.0: vgaarb: bridge control possible
[    0.612008] vgaarb: loaded
[    0.616098] ACPI: bus type USB registered
[    0.620078] usbcore: registered new interface driver usbfs
[    0.624030] usbcore: registered new interface driver hub
[    0.628037] usbcore: registered new device driver usb
[    0.633582] EDAC MC: Ver: 3.0.0
[    0.644261] PCI: Using ACPI for IRQ routing
[    0.652931] NetLabel: Initializing
[    0.656010] NetLabel:  domain hash size = 128
[    0.660007] NetLabel:  protocols = UNLABELED CIPSOv4 CALIPSO
[    0.668032] NetLabel:  unlabeled traffic allowed by default
[    0.676303] clocksource: Switched to clocksource kvm-clock
[    0.730311] VFS: Disk quotas dquot_6.6.0
[    0.736247] VFS: Dquot-cache hash table entries: 512 (order 0, 4096 bytes)
[    0.744524] AppArmor: AppArmor Filesystem Enabled
[    0.749920] pnp: PnP ACPI init
[    0.755895] pnp: PnP ACPI: found 3 devices
[    0.769243] clocksource: acpi_pm: mask: 0xffffff max_cycles: 0xffffff, max_idle_ns: 2085701024 ns
[    0.778859] NET: Registered protocol family 2
[    0.784445] IP idents hash table entries: 16384 (order: 5, 131072 bytes)
[    0.792886] TCP established hash table entries: 8192 (order: 4, 65536 bytes)
[    0.800759] TCP bind hash table entries: 8192 (order: 5, 131072 bytes)
[    0.808587] TCP: Hash tables configured (established 8192 bind 8192)
[    0.816447] UDP hash table entries: 512 (order: 2, 16384 bytes)
[    0.822589] UDP-Lite hash table entries: 512 (order: 2, 16384 bytes)
[    0.829390] NET: Registered protocol family 1
[    0.834271] pci 0000:00:00.0: Limiting direct PCI/PCI transfers
[    0.840626] pci 0000:00:01.0: Activating ISA DMA hang workarounds
[    0.847653] pci 0000:00:02.0: Video device with shadowed ROM at [mem 0x000c0000-0x000dffff]
[    0.856477] Unpacking initramfs...
[    1.340040] Freeing initrd memory: 19528K
[    1.349633] clocksource: tsc: mask: 0xffffffffffffffff max_cycles: 0x70c73e2f7fa, max_idle_ns: 881590562394 ns
[    1.360585] platform rtc_cmos: registered platform RTC device (no PNP device found)
[    1.369397] Scanning for low memory corruption every 60 seconds
[    1.378338] Initialise system trusted keyrings
[    1.383447] Key type blacklist registered
[    1.388712] workingset: timestamp_bits=36 max_order=18 bucket_order=0
[    1.397695] zbud: loaded
[    1.402400] squashfs: version 4.0 (2009/01/31) Phillip Lougher
[    1.409576] fuse init (API version 7.26)
[    1.440176] Key type asymmetric registered
[    1.445811] Asymmetric key parser 'x509' registered
[    1.451174] Block layer SCSI generic (bsg) driver version 0.4 loaded (major 246)
[    1.458993] io scheduler noop registered
[    1.464796] io scheduler deadline registered
[    1.469372] io scheduler cfq registered (default)
[    1.474725] ACPI: AC Adapter [AC] (on-line)
[    1.479923] input: Power Button as /devices/LNXSYSTM:00/LNXPWRBN:00/input/input0
[    1.488408] ACPI: Power Button [PWRF]
[    1.492811] input: Sleep Button as /devices/LNXSYSTM:00/LNXSLPBN:00/input/input1
[    1.500905] ACPI: Sleep Button [SLPF]
[    1.506387] Serial: 8250/16550 driver, 32 ports, IRQ sharing enabled
[    1.545614] 00:02: ttyS0 at I/O 0x3f8 (irq = 4, base_baud = 115200) is a 16550A
[    1.556602] Linux agpgart interface v0.103
[    1.570038] loop: module loaded
[    1.578222] scsi host0: ata_piix
[    1.583193] scsi host1: ata_piix
[    1.587462] ata1: PATA max UDMA/33 cmd 0x1f0 ctl 0x3f6 bmdma 0xd000 irq 14
[    1.595327] ata2: PATA max UDMA/33 cmd 0x170 ctl 0x376 bmdma 0xd008 irq 15
[    1.603107] tun: Universal TUN/TAP device driver, 1.6
[    1.611129] PPP generic driver version 2.4.2
[    1.616732] ehci_hcd: USB 2.0 'Enhanced' Host Controller (EHCI) Driver
[    1.623530] ehci-pci: EHCI PCI platform driver
[    1.628826] ehci-platform: EHCI generic platform driver
[    1.634695] ohci_hcd: USB 1.1 'Open' Host Controller (OHCI) Driver
[    1.641539] ohci-pci: OHCI PCI platform driver
[    1.646431] ohci-platform: OHCI generic platform driver
[    1.652029] uhci_hcd: USB Universal Host Controller Interface driver
[    1.658525] i8042: PNP: PS/2 Controller [PNP0303:PS2K,PNP0f03:PS2M] at 0x60,0x64 irq 1,12
[    1.670452] serio: i8042 KBD port at 0x60,0x64 irq 1
[    1.676203] serio: i8042 AUX port at 0x60,0x64 irq 12
[    1.681844] mousedev: PS/2 mouse device common for all mice
[    1.689462] input: AT Translated Set 2 keyboard as /devices/platform/i8042/serio0/input/input2
[    1.700709] rtc_cmos rtc_cmos: rtc core: registered rtc_cmos as rtc0
[    1.707370] rtc_cmos rtc_cmos: alarms up to one day, 114 bytes nvram
[    1.710763] i2c /dev entries driver
[    1.710763] device-mapper: uevent: version 1.0.3
[    1.723471] device-mapper: ioctl: 4.37.0-ioctl (2017-09-20) initialised: dm-devel@redhat.com
[    1.731962] ledtrig-cpu: registered to indicate activity on CPUs
[    1.743624] NET: Registered protocol family 10
[    1.841668] Segment Routing with IPv6
[    1.846530] NET: Registered protocol family 17
[    1.852026] Key type dns_resolver registered
[    1.857698] mce: Using 0 MCE banks
[    1.861618] RAS: Correctable Errors collector initialized.
[    1.867975] sched_clock: Marking stable (1867909465, 0)->(2730227279, -862317814)
[    1.879579] registered taskstats version 1
[    1.884838] Loading compiled-in X.509 certificates
[    1.896106] Loaded X.509 cert 'Build time autogenerated kernel key: b5b26778eaa3ab3a4a6cee031137706e947d12ad'
[    1.905911] Loaded X.509 cert 'Canonical Ltd. Live Patch Signing: 14df34d1a87cf37625abec039ef2bf521249b969'
[    1.915335] Loaded X.509 cert 'Canonical Ltd. Kernel Module Signing: 88f752e560a1e0737e31163a466ad7b70a850c19'
[    1.924810] blacklist: Loading compiled-in revocation X.509 certificates
[    1.931191] Loaded X.509 cert 'Canonical Ltd. Secure Boot Signing: 61482aa2830d0ab2ad5af10b7250da9033ddcef0'
[    1.940717] Loaded X.509 cert 'Canonical Ltd. Secure Boot Signing (2017): 242ade75ac4a15e50d50c84b0d45ff3eae707a03'
[    1.950849] Loaded X.509 cert 'Canonical Ltd. Secure Boot Signing (ESM 2018): 365188c1d374d6b07c3c8f240f8ef722433d6a8b'
[    1.961405] Loaded X.509 cert 'Canonical Ltd. Secure Boot Signing (2019): c0746fd6c5da3ae827864651ad66ae47fe24b3e8'
[    1.971701] Loaded X.509 cert 'Canonical Ltd. Secure Boot Signing (2021 v1): a8d54bbb3825cfb94fa13c9f8a594a195c107b8d'
[    1.982020] Loaded X.509 cert 'Canonical Ltd. Secure Boot Signing (2021 v2): 4cf046892d6fd3c9a5b03f98d845f90851dc6a8c'
[    1.992524] Loaded X.509 cert 'Canonical Ltd. Secure Boot Signing (2021 v3): 100437bb6de6e469b581e61cd66bce3ef4ed53af'
[    2.002688] Loaded X.509 cert 'Canonical Ltd. Secure Boot Signing (Ubuntu Core 2019): c1d57b8f6b743f23ee41f4f7ee292f06eecadfb9'
[    2.014006] zswap: loaded using pool lzo/zbud
[    2.033028] Key type big_key registered
[    2.037585] Key type trusted registered
[    2.047181] Key type encrypted registered
[    2.051574] AppArmor: AppArmor sha1 policy hashing enabled
[    2.057299] ima: No TPM chip found, activating TPM-bypass! (rc=-19)
[    2.064002] ima: Allocated hash algorithm: sha1
[    2.069202] evm: HMAC attrs: 0x1
[    2.074094]   Magic number: 4:800:160
[    2.078499] vc vcs1: hash matches
[    2.082843] rtc_cmos rtc_cmos: setting system clock to 2024-08-10 04:10:39 UTC (1723263039)
[    2.092728] BIOS EDD facility v0.16 2004-Jun-25, 0 devices found
[    2.099393] EDD information not available.
[    2.108466] Freeing unused kernel image memory: 2480K
[    2.128928] Write protecting the kernel read-only data: 20480k
[    2.138312] Freeing unused kernel image memory: 2008K
[    2.144639] Freeing unused kernel image memory: 1820K
[    2.155423] x86/mm: Checked W+X mappings: passed, no W+X pages found.
[    2.162151] x86/mm: Checking user space page tables
[    2.171702] x86/mm: Checked W+X mappings: passed, no W+X pages found.
Loading, please wait...
starting version 237
[    2.336711] Fusion MPT base driver 3.04.20
[    2.338675] e1000: Intel(R) PRO/1000 Network Driver - version 7.3.21-k8-NAPI
[    2.342441] Copyright (c) 1999-2008 LSI Corporation
[    2.349607] e1000: Copyright (c) 1999-2006 Intel Corporation.
[    2.406093] SSE version of gcm_enc/dec engaged.
[    2.421161] Fusion MPT SPI Host driver 3.04.20
[    2.616221] input: ImExPS/2 Generic Explorer Mouse as /devices/platform/i8042/serio1/input/input4
[    3.201003] e1000 0000:00:03.0 eth0: (PCI:33MHz:32-bit) 02:3b:7b:b7:3b:2d
[    3.208023] e1000 0000:00:03.0 eth0: Intel(R) PRO/1000 Network Connection
[    3.921032] e1000 0000:00:08.0 eth1: (PCI:33MHz:32-bit) 08:00:27:45:70:6b
[    3.927434] e1000 0000:00:08.0 eth1: Intel(R) PRO/1000 Network Connection
[    3.939746] e1000 0000:00:03.0 enp0s3: renamed from eth0
[    3.952932] mptbase: ioc0: Initiating bringup
[    3.984244] e1000 0000:00:08.0 enp0s8: renamed from eth1
[    4.075040] ioc0: LSI53C1030 A0: Capabilities={Initiator}
[    4.339827] scsi host2: ioc0: LSI53C1030 A0, FwRev=00000000h, Ports=1, MaxQ=256, IRQ=20
[    4.517452] scsi 2:0:0:0: Direct-Access     VBOX     HARDDISK         1.0  PQ: 0 ANSI: 5
[    5.054208] scsi target2:0:0: Beginning Domain Validation
[    5.069967] scsi target2:0:0: Domain Validation skipping write tests
[    5.077163] scsi target2:0:0: Ending Domain Validation
[    5.084001] scsi target2:0:0: asynchronous
[    5.091875] scsi 2:0:1:0: Direct-Access     VBOX     HARDDISK         1.0  PQ: 0 ANSI: 5
[    5.297209] scsi target2:0:1: Beginning Domain Validation
[    5.311942] scsi target2:0:1: Domain Validation skipping write tests
[    5.318647] scsi target2:0:1: Ending Domain Validation
[    5.324888] scsi target2:0:1: asynchronous
[    5.342729] sd 2:0:0:0: Attached scsi generic sg0 type 0
[    5.349516] sd 2:0:0:0: [sda] 83886080 512-byte logical blocks: (42.9 GB/40.0 GiB)
[    5.358735] sd 2:0:1:0: Attached scsi generic sg1 type 0
[    5.358917] sd 2:0:0:0: [sda] Write Protect is off
[    5.373237] sd 2:0:1:0: [sdb] 20480 512-byte logical blocks: (10.5 MB/10.0 MiB)
[    5.382291] sd 2:0:0:0: [sda] Incomplete mode parameter data
[    5.389631] sd 2:0:0:0: [sda] Assuming drive cache: write through
[    5.396218] sd 2:0:1:0: [sdb] Write Protect is off
[    5.401566] sd 2:0:1:0: [sdb] Incomplete mode parameter data
[    5.407467] sd 2:0:1:0: [sdb] Assuming drive cache: write through
[    5.446761]  sda: sda1
[    5.454642] sd 2:0:0:0: [sda] Attached SCSI disk
[    5.462203] sd 2:0:1:0: [sdb] Attached SCSI disk
Begin: Loading essential drivers ... [    7.809158] raid6: sse2x1   gen() 10749 MB/s
[    7.860414] raid6: sse2x1   xor()  8153 MB/s
[    7.913490] raid6: sse2x2   gen() 15632 MB/s
[    7.964534] raid6: sse2x2   xor() 10103 MB/s
[    8.016266] raid6: sse2x4   gen() 17104 MB/s
[    8.068161] raid6: sse2x4   xor() 10322 MB/s
[    8.073027] raid6: using algorithm sse2x4 gen() 17104 MB/s
[    8.078246] raid6: .... xor() 10322 MB/s, rmw enabled
[    8.083218] raid6: using ssse3x2 recovery algorithm
[    8.090347] xor: measuring software checksum speed
